<?xml version="1.0" encoding="UTF-8"?>
<!-- Generated by org.testng.reporters.JUnitXMLReporter -->
<testsuite ignored="0" hostname="Shah" failures="1" tests="12" name="Walmart Test Cases" time="347.692" errors="0" timestamp="11 Oct 2019 23:33:32 GMT">
  <testcase classname="com.walmart.qa.testcases.MyaccountTest" name="@AfterMethod tearDown" time="5.239">
    <failure type="org.openqa.selenium.WebDriverException" message="Failed to decode response from marionette
Build info: version: &amp;apos;3.14.0&amp;apos;, revision: &amp;apos;aacccce0&amp;apos;, time: &amp;apos;2018-08-02T20:19:58.91Z&amp;apos;
System info: host: &amp;apos;SHAH&amp;apos;, ip: &amp;apos;192.168.197.1&amp;apos;, os.name: &amp;apos;Windows 8.1&amp;apos;, os.arch: &amp;apos;amd64&amp;apos;, os.version: &amp;apos;6.3&amp;apos;, java.version: &amp;apos;12.0.2&amp;apos;
Driver info: org.openqa.selenium.firefox.FirefoxDriver
Capabilities {acceptInsecureCerts: true, browserName: firefox, browserVersion: 69.0.2, javascriptEnabled: true, moz:accessibilityChecks: false, moz:buildID: 20191001234643, moz:geckodriverVersion: 0.24.0, moz:headless: false, moz:processID: 9168, moz:profile: C:\Users\Hammad\AppData\Loc..., moz:shutdownTimeout: 60000, moz:useNonSpecCompliantPointerOrigin: false, moz:webdriverClick: true, pageLoadStrategy: normal, platform: WINDOWS, platformName: WINDOWS, platformVersion: 6.3, rotatable: false, setWindowRect: true, strictFileInteractability: false, timeouts: {implicit: 0, pageLoad: 300000, script: 30000}, unhandledPromptBehavior: dismiss and notify}
Session ID: aa3191d4-79de-46e0-b91d-3f745a24909f">
      <![CDATA[org.openqa.selenium.WebDriverException: Failed to decode response from marionette
Build info: version: '3.14.0', revision: 'aacccce0', time: '2018-08-02T20:19:58.91Z'
System info: host: 'SHAH', ip: '192.168.197.1', os.name: 'Windows 8.1', os.arch: 'amd64', os.version: '6.3', java.version: '12.0.2'
Driver info: org.openqa.selenium.firefox.FirefoxDriver
Capabilities {acceptInsecureCerts: true, browserName: firefox, browserVersion: 69.0.2, javascriptEnabled: true, moz:accessibilityChecks: false, moz:buildID: 20191001234643, moz:geckodriverVersion: 0.24.0, moz:headless: false, moz:processID: 9168, moz:profile: C:\Users\Hammad\AppData\Loc..., moz:shutdownTimeout: 60000, moz:useNonSpecCompliantPointerOrigin: false, moz:webdriverClick: true, pageLoadStrategy: normal, platform: WINDOWS, platformName: WINDOWS, platformVersion: 6.3, rotatable: false, setWindowRect: true, strictFileInteractability: false, timeouts: {implicit: 0, pageLoad: 300000, script: 30000}, unhandledPromptBehavior: dismiss and notify}
Session ID: aa3191d4-79de-46e0-b91d-3f745a24909f
	at org.openqa.selenium.remote.http.W3CHttpResponseCodec.createException(W3CHttpResponseCodec.java:187)
	at org.openqa.selenium.remote.http.W3CHttpResponseCodec.decode(W3CHttpResponseCodec.java:122)
	at org.openqa.selenium.remote.http.W3CHttpResponseCodec.decode(W3CHttpResponseCodec.java:49)
	at org.openqa.selenium.remote.HttpCommandExecutor.execute(HttpCommandExecutor.java:158)
	at org.openqa.selenium.remote.service.DriverCommandExecutor.execute(DriverCommandExecutor.java:83)
	at org.openqa.selenium.remote.RemoteWebDriver.execute(RemoteWebDriver.java:548)
	at org.openqa.selenium.remote.RemoteWebDriver.execute(RemoteWebDriver.java:605)
	at org.openqa.selenium.remote.RemoteWebDriver.quit(RemoteWebDriver.java:448)
	at com.walmart.qa.testcases.MyaccountTest.tearDown(MyaccountTest.java:102)
... Removed 32 stack frames]]>
    </failure>
  </testcase> <!-- @AfterMethod tearDown -->
  <testcase classname="com.walmart.qa.testcases.MyaccountTest" name="@BeforeMethod setup" time="0.0">
    <skipped/>
  </testcase> <!-- @BeforeMethod setup -->
  <testcase classname="com.walmart.qa.testcases.SearchPageTest" name="EnterInputinSearchpageTest" time="11.419"/>
  <testcase classname="com.walmart.qa.testcases.MyaccountTest" name="clickOnRecommendationlink" time="3.462"/>
  <testcase classname="com.walmart.qa.testcases.AccountTest" name="ClickonSignuplinkTest" time="3.285"/>
  <testcase classname="com.walmart.qa.testcases.SearchPageTest" name="PaginationTest" time="22.659"/>
  <testcase classname="com.walmart.qa.testcases.MyaccountTest" name="clickOnOrderhistory" time="7.215"/>
  <testcase classname="com.walmart.qa.testcases.MyaccountTest" name="clickOnMysubscriptionsTest" time="3.731"/>
  <testcase classname="com.walmart.qa.testcases.MyaccountTest" name="clickOnpersonalsettingsTest" time="3.238"/>
  <testcase classname="com.walmart.qa.testcases.MyaccountTest" name="clickOnAddressesTest" time="3.895"/>
  <testcase classname="com.walmart.qa.testcases.MyaccountTest" name="clickOnCreditcardTest" time="2.628"/>
  <testcase classname="com.walmart.qa.testcases.MyaccountTest" name="clickOnSignoutTest" time="8.403"/>
  <testcase classname="com.walmart.qa.testcases.MyaccountTest" name="clickOnmylistTest" time="0.037">
    <failure type="org.openqa.selenium.NoSuchWindowException" message="Browsing context has been discarded
Build info: version: &amp;apos;3.14.0&amp;apos;, revision: &amp;apos;aacccce0&amp;apos;, time: &amp;apos;2018-08-02T20:19:58.91Z&amp;apos;
System info: host: &amp;apos;SHAH&amp;apos;, ip: &amp;apos;192.168.197.1&amp;apos;, os.name: &amp;apos;Windows 8.1&amp;apos;, os.arch: &amp;apos;amd64&amp;apos;, os.version: &amp;apos;6.3&amp;apos;, java.version: &amp;apos;12.0.2&amp;apos;
Driver info: org.openqa.selenium.firefox.FirefoxDriver
Capabilities {acceptInsecureCerts: true, browserName: firefox, browserVersion: 69.0.2, javascriptEnabled: true, moz:accessibilityChecks: false, moz:buildID: 20191001234643, moz:geckodriverVersion: 0.24.0, moz:headless: false, moz:processID: 9168, moz:profile: C:\Users\Hammad\AppData\Loc..., moz:shutdownTimeout: 60000, moz:useNonSpecCompliantPointerOrigin: false, moz:webdriverClick: true, pageLoadStrategy: normal, platform: WINDOWS, platformName: WINDOWS, platformVersion: 6.3, rotatable: false, setWindowRect: true, strictFileInteractability: false, timeouts: {implicit: 0, pageLoad: 300000, script: 30000}, unhandledPromptBehavior: dismiss and notify}
Session ID: aa3191d4-79de-46e0-b91d-3f745a24909f
*** Element info: {Using=xpath, value=//parent::ul[@class=&amp;apos;nav-list marg-b-1unit&amp;apos;]//a[text()=&amp;apos;My Lists&amp;apos;]}">
      <![CDATA[org.openqa.selenium.NoSuchWindowException: Browsing context has been discarded
Build info: version: '3.14.0', revision: 'aacccce0', time: '2018-08-02T20:19:58.91Z'
System info: host: 'SHAH', ip: '192.168.197.1', os.name: 'Windows 8.1', os.arch: 'amd64', os.version: '6.3', java.version: '12.0.2'
Driver info: org.openqa.selenium.firefox.FirefoxDriver
Capabilities {acceptInsecureCerts: true, browserName: firefox, browserVersion: 69.0.2, javascriptEnabled: true, moz:accessibilityChecks: false, moz:buildID: 20191001234643, moz:geckodriverVersion: 0.24.0, moz:headless: false, moz:processID: 9168, moz:profile: C:\Users\Hammad\AppData\Loc..., moz:shutdownTimeout: 60000, moz:useNonSpecCompliantPointerOrigin: false, moz:webdriverClick: true, pageLoadStrategy: normal, platform: WINDOWS, platformName: WINDOWS, platformVersion: 6.3, rotatable: false, setWindowRect: true, strictFileInteractability: false, timeouts: {implicit: 0, pageLoad: 300000, script: 30000}, unhandledPromptBehavior: dismiss and notify}
Session ID: aa3191d4-79de-46e0-b91d-3f745a24909f
*** Element info: {Using=xpath, value=//parent::ul[@class='nav-list marg-b-1unit']//a[text()='My Lists']}
	at org.openqa.selenium.remote.http.W3CHttpResponseCodec.createException(W3CHttpResponseCodec.java:187)
	at org.openqa.selenium.remote.http.W3CHttpResponseCodec.decode(W3CHttpResponseCodec.java:122)
	at org.openqa.selenium.remote.http.W3CHttpResponseCodec.decode(W3CHttpResponseCodec.java:49)
	at org.openqa.selenium.remote.HttpCommandExecutor.execute(HttpCommandExecutor.java:158)
	at org.openqa.selenium.remote.service.DriverCommandExecutor.execute(DriverCommandExecutor.java:83)
	at org.openqa.selenium.remote.RemoteWebDriver.execute(RemoteWebDriver.java:548)
	at org.openqa.selenium.remote.RemoteWebDriver.findElement(RemoteWebDriver.java:322)
	at org.openqa.selenium.remote.RemoteWebDriver.findElementByXPath(RemoteWebDriver.java:424)
	at org.openqa.selenium.By$ByXPath.findElement(By.java:353)
	at org.openqa.selenium.remote.RemoteWebDriver.findElement(RemoteWebDriver.java:314)
	at org.openqa.selenium.support.pagefactory.DefaultElementLocator.findElement(DefaultElementLocator.java:69)
	at org.openqa.selenium.support.pagefactory.internal.LocatingElementHandler.invoke(LocatingElementHandler.java:38)
	at com.sun.proxy.$Proxy12.click(Unknown Source)
	at com.walmart.qa.pages.Myaccount.clickOnmylist(Myaccount.java:63)
	at com.walmart.qa.testcases.MyaccountTest.clickOnmylistTest(MyaccountTest.java:91)
... Removed 30 stack frames]]>
    </failure>
  </testcase> <!-- clickOnmylistTest -->
  <testcase classname="com.walmart.qa.testcases.MyaccountTest" name="clickOnMyaccountlink" time="0.0">
    <skipped/>
  </testcase> <!-- clickOnMyaccountlink -->
</testsuite> <!-- Walmart Test Cases -->
