<!DOCTYPE html PUBLIC "-//W3C//DTD XHTML 1.1//EN" "http://www.w3.org/TR/xhtml11/DTD/xhtml11.dtd">
<html xmlns="http://www.w3.org/1999/xhtml"><head><title>TestNG Report</title><style type="text/css">table {margin-bottom:10px;border-collapse:collapse;empty-cells:show}th,td {border:1px solid #009;padding:.25em .5em}th {vertical-align:bottom}td {vertical-align:top}table a {font-weight:bold}.stripe td {background-color: #E6EBF9}.num {text-align:right}.passedodd td {background-color: #3F3}.passedeven td {background-color: #0A0}.skippedodd td {background-color: #DDD}.skippedeven td {background-color: #CCC}.failedodd td,.attn {background-color: #F33}.failedeven td,.stripe .attn {background-color: #D00}.stacktrace {white-space:pre;font-family:monospace}.totop {font-size:85%;text-align:center;border-bottom:2px solid #000}</style></head><body><table><tr><th>Test</th><th># Passed</th><th># Skipped</th><th># Failed</th><th>Time (ms)</th><th>Included Groups</th><th>Excluded Groups</th></tr><tr><th colspan="7">Walmart Auomation Test Suite</th></tr><tr><td><a href="#t0">Walmart Test Cases</a></td><td class="num">10</td><td class="num attn">1</td><td class="num attn">1</td><td class="num">347,692</td><td></td><td></td></tr></table><table id='summary'><thead><tr><th>Class</th><th>Method</th><th>Start</th><th>Time (ms)</th></tr></thead><tbody><tr><th colspan="4">Walmart Auomation Test Suite</th></tr></tbody><tbody id="t0"><tr><th colspan="4">Walmart Test Cases &#8212; failed (configuration methods)</th></tr><tr class="failedeven"><td rowspan="1">com.walmart.qa.testcases.MyaccountTest</td><td><a href="#m0">tearDown</a></td><td rowspan="1">1570836807551</td><td rowspan="1">5239</td></tr><tr><th colspan="4">Walmart Test Cases &#8212; failed</th></tr><tr class="failedeven"><td rowspan="1">com.walmart.qa.testcases.MyaccountTest</td><td><a href="#m1">clickOnmylistTest</a></td><td rowspan="1">1570836807514</td><td rowspan="1">37</td></tr><tr><th colspan="4">Walmart Test Cases &#8212; skipped (configuration methods)</th></tr><tr class="skippedeven"><td rowspan="1">com.walmart.qa.testcases.MyaccountTest</td><td><a href="#m2">setup</a></td><td rowspan="1">1570836812790</td><td rowspan="1">0</td></tr><tr><th colspan="4">Walmart Test Cases &#8212; skipped</th></tr><tr class="skippedeven"><td rowspan="1">com.walmart.qa.testcases.MyaccountTest</td><td><a href="#m3">clickOnMyaccountlink</a></td><td rowspan="1">1570836812790</td><td rowspan="1">0</td></tr><tr><th colspan="4">Walmart Test Cases &#8212; passed</th></tr><tr class="passedeven"><td rowspan="1">com.walmart.qa.testcases.AccountTest</td><td><a href="#m4">ClickonSignuplinkTest</a></td><td rowspan="1">1570836543644</td><td rowspan="1">3285</td></tr><tr class="passedodd"><td rowspan="7">com.walmart.qa.testcases.MyaccountTest</td><td><a href="#m5">clickOnAddressesTest</a></td><td rowspan="1">1570836703185</td><td rowspan="1">3895</td></tr><tr class="passedodd"><td><a href="#m6">clickOnCreditcardTest</a></td><td rowspan="1">1570836741072</td><td rowspan="1">2628</td></tr><tr class="passedodd"><td><a href="#m7">clickOnMysubscriptionsTest</a></td><td rowspan="1">1570836641067</td><td rowspan="1">3731</td></tr><tr class="passedodd"><td><a href="#m8">clickOnOrderhistory</a></td><td rowspan="1">1570836611209</td><td rowspan="1">7215</td></tr><tr class="passedodd"><td><a href="#m9">clickOnRecommendationlink</a></td><td rowspan="1">1570836517753</td><td rowspan="1">3462</td></tr><tr class="passedodd"><td><a href="#m10">clickOnSignoutTest</a></td><td rowspan="1">1570836777621</td><td rowspan="1">8403</td></tr><tr class="passedodd"><td><a href="#m11">clickOnpersonalsettingsTest</a></td><td rowspan="1">1570836670466</td><td rowspan="1">3238</td></tr><tr class="passedeven"><td rowspan="2">com.walmart.qa.testcases.SearchPageTest</td><td><a href="#m12">EnterInputinSearchpageTest</a></td><td rowspan="1">1570836486984</td><td rowspan="1">11419</td></tr><tr class="passedeven"><td><a href="#m13">PaginationTest</a></td><td rowspan="1">1570836566032</td><td rowspan="1">22659</td></tr></tbody></table><h2>Walmart Test Cases</h2><h3 id="m0">com.walmart.qa.testcases.MyaccountTest#tearDown</h3><table class="result"><tr><th>Exception</th></tr><tr><td><div class="stacktrace">org.openqa.selenium.WebDriverException: Failed to decode response from marionette
Build info: version: &apos;3.14.0&apos;, revision: &apos;aacccce0&apos;, time: &apos;2018-08-02T20:19:58.91Z&apos;
System info: host: &apos;SHAH&apos;, ip: &apos;192.168.197.1&apos;, os.name: &apos;Windows 8.1&apos;, os.arch: &apos;amd64&apos;, os.version: &apos;6.3&apos;, java.version: &apos;12.0.2&apos;
Driver info: org.openqa.selenium.firefox.FirefoxDriver
Capabilities {acceptInsecureCerts: true, browserName: firefox, browserVersion: 69.0.2, javascriptEnabled: true, moz:accessibilityChecks: false, moz:buildID: 20191001234643, moz:geckodriverVersion: 0.24.0, moz:headless: false, moz:processID: 9168, moz:profile: C:\Users\Hammad\AppData\Loc..., moz:shutdownTimeout: 60000, moz:useNonSpecCompliantPointerOrigin: false, moz:webdriverClick: true, pageLoadStrategy: normal, platform: WINDOWS, platformName: WINDOWS, platformVersion: 6.3, rotatable: false, setWindowRect: true, strictFileInteractability: false, timeouts: {implicit: 0, pageLoad: 300000, script: 30000}, unhandledPromptBehavior: dismiss and notify}
Session ID: aa3191d4-79de-46e0-b91d-3f745a24909f
	at org.openqa.selenium.remote.http.W3CHttpResponseCodec.createException(W3CHttpResponseCodec.java:187)
	at org.openqa.selenium.remote.http.W3CHttpResponseCodec.decode(W3CHttpResponseCodec.java:122)
	at org.openqa.selenium.remote.http.W3CHttpResponseCodec.decode(W3CHttpResponseCodec.java:49)
	at org.openqa.selenium.remote.HttpCommandExecutor.execute(HttpCommandExecutor.java:158)
	at org.openqa.selenium.remote.service.DriverCommandExecutor.execute(DriverCommandExecutor.java:83)
	at org.openqa.selenium.remote.RemoteWebDriver.execute(RemoteWebDriver.java:548)
	at org.openqa.selenium.remote.RemoteWebDriver.execute(RemoteWebDriver.java:605)
	at org.openqa.selenium.remote.RemoteWebDriver.quit(RemoteWebDriver.java:448)
	at com.walmart.qa.testcases.MyaccountTest.tearDown(MyaccountTest.java:102)
... Removed 32 stack frames</div></td></tr></table><p class="totop"><a href="#summary">back to summary</a></p><h3 id="m1">com.walmart.qa.testcases.MyaccountTest#clickOnmylistTest</h3><table class="result"><tr><th>Exception</th></tr><tr><td><div class="stacktrace">org.openqa.selenium.NoSuchWindowException: Browsing context has been discarded
Build info: version: &apos;3.14.0&apos;, revision: &apos;aacccce0&apos;, time: &apos;2018-08-02T20:19:58.91Z&apos;
System info: host: &apos;SHAH&apos;, ip: &apos;192.168.197.1&apos;, os.name: &apos;Windows 8.1&apos;, os.arch: &apos;amd64&apos;, os.version: &apos;6.3&apos;, java.version: &apos;12.0.2&apos;
Driver info: org.openqa.selenium.firefox.FirefoxDriver
Capabilities {acceptInsecureCerts: true, browserName: firefox, browserVersion: 69.0.2, javascriptEnabled: true, moz:accessibilityChecks: false, moz:buildID: 20191001234643, moz:geckodriverVersion: 0.24.0, moz:headless: false, moz:processID: 9168, moz:profile: C:\Users\Hammad\AppData\Loc..., moz:shutdownTimeout: 60000, moz:useNonSpecCompliantPointerOrigin: false, moz:webdriverClick: true, pageLoadStrategy: normal, platform: WINDOWS, platformName: WINDOWS, platformVersion: 6.3, rotatable: false, setWindowRect: true, strictFileInteractability: false, timeouts: {implicit: 0, pageLoad: 300000, script: 30000}, unhandledPromptBehavior: dismiss and notify}
Session ID: aa3191d4-79de-46e0-b91d-3f745a24909f
*** Element info: {Using=xpath, value=//parent::ul[@class=&apos;nav-list marg-b-1unit&apos;]//a[text()=&apos;My Lists&apos;]}
	at org.openqa.selenium.remote.http.W3CHttpResponseCodec.createException(W3CHttpResponseCodec.java:187)
	at org.openqa.selenium.remote.http.W3CHttpResponseCodec.decode(W3CHttpResponseCodec.java:122)
	at org.openqa.selenium.remote.http.W3CHttpResponseCodec.decode(W3CHttpResponseCodec.java:49)
	at org.openqa.selenium.remote.HttpCommandExecutor.execute(HttpCommandExecutor.java:158)
	at org.openqa.selenium.remote.service.DriverCommandExecutor.execute(DriverCommandExecutor.java:83)
	at org.openqa.selenium.remote.RemoteWebDriver.execute(RemoteWebDriver.java:548)
	at org.openqa.selenium.remote.RemoteWebDriver.findElement(RemoteWebDriver.java:322)
	at org.openqa.selenium.remote.RemoteWebDriver.findElementByXPath(RemoteWebDriver.java:424)
	at org.openqa.selenium.By$ByXPath.findElement(By.java:353)
	at org.openqa.selenium.remote.RemoteWebDriver.findElement(RemoteWebDriver.java:314)
	at org.openqa.selenium.support.pagefactory.DefaultElementLocator.findElement(DefaultElementLocator.java:69)
	at org.openqa.selenium.support.pagefactory.internal.LocatingElementHandler.invoke(LocatingElementHandler.java:38)
	at com.sun.proxy.$Proxy12.click(Unknown Source)
	at com.walmart.qa.pages.Myaccount.clickOnmylist(Myaccount.java:63)
	at com.walmart.qa.testcases.MyaccountTest.clickOnmylistTest(MyaccountTest.java:91)
... Removed 30 stack frames</div></td></tr></table><p class="totop"><a href="#summary">back to summary</a></p><h3 id="m2">com.walmart.qa.testcases.MyaccountTest#setup</h3><table class="result"></table><p class="totop"><a href="#summary">back to summary</a></p><h3 id="m3">com.walmart.qa.testcases.MyaccountTest#clickOnMyaccountlink</h3><table class="result"><tr><th>Exception</th></tr><tr><td><div class="stacktrace">org.openqa.selenium.WebDriverException: Failed to decode response from marionette
Build info: version: &apos;3.14.0&apos;, revision: &apos;aacccce0&apos;, time: &apos;2018-08-02T20:19:58.91Z&apos;
System info: host: &apos;SHAH&apos;, ip: &apos;192.168.197.1&apos;, os.name: &apos;Windows 8.1&apos;, os.arch: &apos;amd64&apos;, os.version: &apos;6.3&apos;, java.version: &apos;12.0.2&apos;
Driver info: org.openqa.selenium.firefox.FirefoxDriver
Capabilities {acceptInsecureCerts: true, browserName: firefox, browserVersion: 69.0.2, javascriptEnabled: true, moz:accessibilityChecks: false, moz:buildID: 20191001234643, moz:geckodriverVersion: 0.24.0, moz:headless: false, moz:processID: 9168, moz:profile: C:\Users\Hammad\AppData\Loc..., moz:shutdownTimeout: 60000, moz:useNonSpecCompliantPointerOrigin: false, moz:webdriverClick: true, pageLoadStrategy: normal, platform: WINDOWS, platformName: WINDOWS, platformVersion: 6.3, rotatable: false, setWindowRect: true, strictFileInteractability: false, timeouts: {implicit: 0, pageLoad: 300000, script: 30000}, unhandledPromptBehavior: dismiss and notify}
Session ID: aa3191d4-79de-46e0-b91d-3f745a24909f
	at org.openqa.selenium.remote.http.W3CHttpResponseCodec.createException(W3CHttpResponseCodec.java:187)
	at org.openqa.selenium.remote.http.W3CHttpResponseCodec.decode(W3CHttpResponseCodec.java:122)
	at org.openqa.selenium.remote.http.W3CHttpResponseCodec.decode(W3CHttpResponseCodec.java:49)
	at org.openqa.selenium.remote.HttpCommandExecutor.execute(HttpCommandExecutor.java:158)
	at org.openqa.selenium.remote.service.DriverCommandExecutor.execute(DriverCommandExecutor.java:83)
	at org.openqa.selenium.remote.RemoteWebDriver.execute(RemoteWebDriver.java:548)
	at org.openqa.selenium.remote.RemoteWebDriver.execute(RemoteWebDriver.java:605)
	at org.openqa.selenium.remote.RemoteWebDriver.quit(RemoteWebDriver.java:448)
	at com.walmart.qa.testcases.MyaccountTest.tearDown(MyaccountTest.java:102)
... Removed 32 stack frames</div></td></tr></table><p class="totop"><a href="#summary">back to summary</a></p><h3 id="m4">com.walmart.qa.testcases.AccountTest#ClickonSignuplinkTest</h3><table class="result"></table><p class="totop"><a href="#summary">back to summary</a></p><h3 id="m5">com.walmart.qa.testcases.MyaccountTest#clickOnAddressesTest</h3><table class="result"></table><p class="totop"><a href="#summary">back to summary</a></p><h3 id="m6">com.walmart.qa.testcases.MyaccountTest#clickOnCreditcardTest</h3><table class="result"></table><p class="totop"><a href="#summary">back to summary</a></p><h3 id="m7">com.walmart.qa.testcases.MyaccountTest#clickOnMysubscriptionsTest</h3><table class="result"></table><p class="totop"><a href="#summary">back to summary</a></p><h3 id="m8">com.walmart.qa.testcases.MyaccountTest#clickOnOrderhistory</h3><table class="result"></table><p class="totop"><a href="#summary">back to summary</a></p><h3 id="m9">com.walmart.qa.testcases.MyaccountTest#clickOnRecommendationlink</h3><table class="result"></table><p class="totop"><a href="#summary">back to summary</a></p><h3 id="m10">com.walmart.qa.testcases.MyaccountTest#clickOnSignoutTest</h3><table class="result"></table><p class="totop"><a href="#summary">back to summary</a></p><h3 id="m11">com.walmart.qa.testcases.MyaccountTest#clickOnpersonalsettingsTest</h3><table class="result"></table><p class="totop"><a href="#summary">back to summary</a></p><h3 id="m12">com.walmart.qa.testcases.SearchPageTest#EnterInputinSearchpageTest</h3><table class="result"></table><p class="totop"><a href="#summary">back to summary</a></p><h3 id="m13">com.walmart.qa.testcases.SearchPageTest#PaginationTest</h3><table class="result"></table><p class="totop"><a href="#summary">back to summary</a></p></body></html>